<?xml version="1.0" encoding="UTF-8"?>
<testsuite xmlns:xsi="http://www.w3.org/2001/XMLSchema-instance" xsi:noNamespaceSchemaLocation="https://maven.apache.org/surefire/maven-surefire-plugin/xsd/surefire-test-report.xsd" name="com.supremind.AppTest" time="0.039" tests="1" errors="0" skipped="0" failures="0">
  <properties>
    <property name="sun.desktop" value="windows"/>
    <property name="awt.toolkit" value="sun.awt.windows.WToolkit"/>
    <property name="file.encoding.pkg" value="sun.io"/>
    <property name="java.specification.version" value="1.8"/>
    <property name="sun.cpu.isalist" value="amd64"/>
    <property name="sun.jnu.encoding" value="GBK"/>
    <property name="java.class.path" value="D:\devCode\dataStructure\linkedlist\target\test-classes;D:\devCode\dataStructure\linkedlist\target\classes;D:\RepMaven\junit\junit\4.11\junit-4.11.jar;D:\RepMaven\org\hamcrest\hamcrest-core\1.3\hamcrest-core-1.3.jar;D:\devCode\dataStructure\CommonUtils\target\CommonUtils-1.0-SNAPSHOT.jar;D:\RepMaven\org\apache\maven\plugins\maven-project-info-reports-plugin\3.0.0\maven-project-info-reports-plugin-3.0.0.jar;D:\RepMaven\org\apache\maven\reporting\maven-reporting-api\3.0\maven-reporting-api-3.0.jar;D:\RepMaven\org\apache\maven\reporting\maven-reporting-impl\3.0.0\maven-reporting-impl-3.0.0.jar;D:\RepMaven\org\apache\maven\shared\maven-shared-utils\3.2.0\maven-shared-utils-3.2.0.jar;D:\RepMaven\org\apache\maven\maven-artifact\3.0\maven-artifact-3.0.jar;D:\RepMaven\org\apache\maven\maven-core\3.0\maven-core-3.0.jar;D:\RepMaven\org\apache\maven\maven-settings-builder\3.0\maven-settings-builder-3.0.jar;D:\RepMaven\org\apache\maven\maven-model-builder\3.0\maven-model-builder-3.0.jar;D:\RepMaven\org\apache\maven\maven-aether-provider\3.0\maven-aether-provider-3.0.jar;D:\RepMaven\org\sonatype\aether\aether-impl\1.7\aether-impl-1.7.jar;D:\RepMaven\org\sonatype\aether\aether-spi\1.7\aether-spi-1.7.jar;D:\RepMaven\org\sonatype\aether\aether-api\1.7\aether-api-1.7.jar;D:\RepMaven\org\sonatype\aether\aether-util\1.7\aether-util-1.7.jar;D:\RepMaven\org\sonatype\sisu\sisu-inject-plexus\1.4.2\sisu-inject-plexus-1.4.2.jar;D:\RepMaven\org\sonatype\sisu\sisu-inject-bean\1.4.2\sisu-inject-bean-1.4.2.jar;D:\RepMaven\org\sonatype\sisu\sisu-guice\2.1.7\sisu-guice-2.1.7-noaop.jar;D:\RepMaven\org\codehaus\plexus\plexus-classworlds\2.2.3\plexus-classworlds-2.2.3.jar;D:\RepMaven\org\codehaus\plexus\plexus-component-annotations\1.5.5\plexus-component-annotations-1.5.5.jar;D:\RepMaven\org\sonatype\plexus\plexus-sec-dispatcher\1.3\plexus-sec-dispatcher-1.3.jar;D:\RepMaven\org\sonatype\plexus\plexus-cipher\1.4\plexus-cipher-1.4.jar;D:\RepMaven\org\apache\maven\maven-model\3.0\maven-model-3.0.jar;D:\RepMaven\org\apache\maven\maven-plugin-api\3.0\maven-plugin-api-3.0.jar;D:\RepMaven\org\apache\maven\maven-repository-metadata\3.0\maven-repository-metadata-3.0.jar;D:\RepMaven\org\apache\maven\maven-settings\3.0\maven-settings-3.0.jar;D:\RepMaven\org\apache\maven\shared\maven-dependency-tree\2.2\maven-dependency-tree-2.2.jar;D:\RepMaven\org\eclipse\aether\aether-util\0.9.0.M2\aether-util-0.9.0.M2.jar;D:\RepMaven\org\apache\maven\shared\maven-shared-jar\1.2\maven-shared-jar-1.2.jar;D:\RepMaven\org\codehaus\plexus\plexus-digest\1.0\plexus-digest-1.0.jar;D:\RepMaven\org\codehaus\plexus\plexus-container-default\1.0-alpha-8\plexus-container-default-1.0-alpha-8.jar;D:\RepMaven\classworlds\classworlds\1.1-alpha-2\classworlds-1.1-alpha-2.jar;D:\RepMaven\commons-collections\commons-collections\3.1\commons-collections-3.1.jar;D:\RepMaven\org\apache\bcel\bcel\6.2\bcel-6.2.jar;D:\RepMaven\org\apache\maven\shared\maven-common-artifact-filters\3.0.1\maven-common-artifact-filters-3.0.1.jar;D:\RepMaven\org\apache\maven\shared\maven-artifact-transfer\0.9.1\maven-artifact-transfer-0.9.1.jar;D:\RepMaven\commons-codec\commons-codec\1.6\commons-codec-1.6.jar;D:\RepMaven\org\slf4j\slf4j-api\1.7.5\slf4j-api-1.7.5.jar;D:\RepMaven\org\apache\maven\scm\maven-scm-api\1.10.0\maven-scm-api-1.10.0.jar;D:\RepMaven\org\apache\maven\scm\maven-scm-manager-plexus\1.10.0\maven-scm-manager-plexus-1.10.0.jar;D:\RepMaven\org\apache\maven\scm\maven-scm-provider-hg\1.10.0\maven-scm-provider-hg-1.10.0.jar;D:\RepMaven\org\apache\maven\scm\maven-scm-provider-perforce\1.10.0\maven-scm-provider-perforce-1.10.0.jar;D:\RepMaven\org\apache\maven\scm\maven-scm-provider-starteam\1.10.0\maven-scm-provider-starteam-1.10.0.jar;D:\RepMaven\org\apache\maven\scm\maven-scm-provider-svn-commons\1.10.0\maven-scm-provider-svn-commons-1.10.0.jar;D:\RepMaven\org\apache\maven\scm\maven-scm-provider-svnexe\1.10.0\maven-scm-provider-svnexe-1.10.0.jar;D:\RepMaven\commons-lang\commons-lang\2.6\commons-lang-2.6.jar;D:\RepMaven\org\apache\maven\scm\maven-scm-provider-cvs-commons\1.10.0\maven-scm-provider-cvs-commons-1.10.0.jar;D:\RepMaven\org\apache\maven\scm\maven-scm-provider-cvsexe\1.10.0\maven-scm-provider-cvsexe-1.10.0.jar;D:\RepMaven\org\apache\maven\scm\maven-scm-provider-cvsjava\1.10.0\maven-scm-provider-cvsjava-1.10.0.jar;D:\RepMaven\org\netbeans\lib\cvsclient\20060125\cvsclient-20060125.jar;D:\RepMaven\ch\ethz\ganymed\ganymed-ssh2\build210\ganymed-ssh2-build210.jar;D:\RepMaven\org\apache\maven\scm\maven-scm-provider-git-commons\1.10.0\maven-scm-provider-git-commons-1.10.0.jar;D:\RepMaven\org\apache\maven\scm\maven-scm-provider-gitexe\1.10.0\maven-scm-provider-gitexe-1.10.0.jar;D:\RepMaven\commons-io\commons-io\2.2\commons-io-2.2.jar;D:\RepMaven\org\apache\maven\doxia\doxia-sink-api\1.8\doxia-sink-api-1.8.jar;D:\RepMaven\org\apache\maven\doxia\doxia-logging-api\1.8\doxia-logging-api-1.8.jar;D:\RepMaven\org\apache\maven\doxia\doxia-core\1.8\doxia-core-1.8.jar;D:\RepMaven\org\apache\commons\commons-lang3\3.5\commons-lang3-3.5.jar;D:\RepMaven\org\apache\httpcomponents\httpclient\4.0.2\httpclient-4.0.2.jar;D:\RepMaven\org\apache\httpcomponents\httpcore\4.0.1\httpcore-4.0.1.jar;D:\RepMaven\org\apache\maven\doxia\doxia-decoration-model\1.8.1\doxia-decoration-model-1.8.1.jar;D:\RepMaven\org\apache\maven\doxia\doxia-site-renderer\1.8.1\doxia-site-renderer-1.8.1.jar;D:\RepMaven\org\apache\maven\doxia\doxia-skin-model\1.8.1\doxia-skin-model-1.8.1.jar;D:\RepMaven\org\apache\maven\doxia\doxia-module-xhtml\1.8\doxia-module-xhtml-1.8.jar;D:\RepMaven\org\codehaus\plexus\plexus-velocity\1.2\plexus-velocity-1.2.jar;D:\RepMaven\org\apache\velocity\velocity\1.7\velocity-1.7.jar;D:\RepMaven\org\apache\velocity\velocity-tools\2.0\velocity-tools-2.0.jar;D:\RepMaven\commons-chain\commons-chain\1.1\commons-chain-1.1.jar;D:\RepMaven\dom4j\dom4j\1.1\dom4j-1.1.jar;D:\RepMaven\oro\oro\2.0.8\oro-2.0.8.jar;D:\RepMaven\sslext\sslext\1.2-0\sslext-1.2-0.jar;D:\RepMaven\org\apache\struts\struts-core\1.3.8\struts-core-1.3.8.jar;D:\RepMaven\antlr\antlr\2.7.2\antlr-2.7.2.jar;D:\RepMaven\org\apache\struts\struts-taglib\1.3.8\struts-taglib-1.3.8.jar;D:\RepMaven\org\apache\struts\struts-tiles\1.3.8\struts-tiles-1.3.8.jar;D:\RepMaven\org\apache\maven\doxia\doxia-integration-tools\1.8.1\doxia-integration-tools-1.8.1.jar;D:\RepMaven\org\codehaus\plexus\plexus-i18n\1.0-beta-10\plexus-i18n-1.0-beta-10.jar;D:\RepMaven\org\codehaus\plexus\plexus-utils\3.1.0\plexus-utils-3.1.0.jar;D:\RepMaven\org\codehaus\plexus\plexus-interpolation\1.25\plexus-interpolation-1.25.jar;D:\RepMaven\org\apache\maven\wagon\wagon-http-lightweight\3.1.0\wagon-http-lightweight-3.1.0.jar;D:\RepMaven\org\apache\maven\wagon\wagon-http-shared\3.1.0\wagon-http-shared-3.1.0.jar;D:\RepMaven\org\jsoup\jsoup\1.11.2\jsoup-1.11.2.jar;D:\RepMaven\org\apache\maven\wagon\wagon-provider-api\3.1.0\wagon-provider-api-3.1.0.jar;D:\RepMaven\commons-validator\commons-validator\1.6\commons-validator-1.6.jar;D:\RepMaven\commons-beanutils\commons-beanutils\1.9.2\commons-beanutils-1.9.2.jar;D:\RepMaven\commons-digester\commons-digester\1.8.1\commons-digester-1.8.1.jar;D:\RepMaven\commons-logging\commons-logging\1.2\commons-logging-1.2.jar;"/>
    <property name="java.vm.vendor" value="Oracle Corporation"/>
    <property name="sun.arch.data.model" value="64"/>
    <property name="user.variant" value=""/>
    <property name="java.vendor.url" value="http://java.oracle.com/"/>
    <property name="user.timezone" value="Asia/Shanghai"/>
    <property name="java.vm.specification.version" value="1.8"/>
    <property name="os.name" value="Windows 10"/>
    <property name="user.country" value="CN"/>
    <property name="sun.java.launcher" value="SUN_STANDARD"/>
    <property name="sun.boot.library.path" value="E:\JDK\jdk8\jre\bin"/>
    <property name="sun.java.command" value="C:\Users\HJT\AppData\Local\Temp\surefire1177612822828478815\surefirebooter6095403458667213210.jar C:\Users\HJT\AppData\Local\Temp\surefire1177612822828478815 2021-04-14T17-45-27_096-jvmRun1 surefire9188249060239619998tmp surefire_13026929004255270607tmp"/>
    <property name="surefire.test.class.path" value="D:\devCode\dataStructure\linkedlist\target\test-classes;D:\devCode\dataStructure\linkedlist\target\classes;D:\RepMaven\junit\junit\4.11\junit-4.11.jar;D:\RepMaven\org\hamcrest\hamcrest-core\1.3\hamcrest-core-1.3.jar;D:\devCode\dataStructure\CommonUtils\target\CommonUtils-1.0-SNAPSHOT.jar;D:\RepMaven\org\apache\maven\plugins\maven-project-info-reports-plugin\3.0.0\maven-project-info-reports-plugin-3.0.0.jar;D:\RepMaven\org\apache\maven\reporting\maven-reporting-api\3.0\maven-reporting-api-3.0.jar;D:\RepMaven\org\apache\maven\reporting\maven-reporting-impl\3.0.0\maven-reporting-impl-3.0.0.jar;D:\RepMaven\org\apache\maven\shared\maven-shared-utils\3.2.0\maven-shared-utils-3.2.0.jar;D:\RepMaven\org\apache\maven\maven-artifact\3.0\maven-artifact-3.0.jar;D:\RepMaven\org\apache\maven\maven-core\3.0\maven-core-3.0.jar;D:\RepMaven\org\apache\maven\maven-settings-builder\3.0\maven-settings-builder-3.0.jar;D:\RepMaven\org\apache\maven\maven-model-builder\3.0\maven-model-builder-3.0.jar;D:\RepMaven\org\apache\maven\maven-aether-provider\3.0\maven-aether-provider-3.0.jar;D:\RepMaven\org\sonatype\aether\aether-impl\1.7\aether-impl-1.7.jar;D:\RepMaven\org\sonatype\aether\aether-spi\1.7\aether-spi-1.7.jar;D:\RepMaven\org\sonatype\aether\aether-api\1.7\aether-api-1.7.jar;D:\RepMaven\org\sonatype\aether\aether-util\1.7\aether-util-1.7.jar;D:\RepMaven\org\sonatype\sisu\sisu-inject-plexus\1.4.2\sisu-inject-plexus-1.4.2.jar;D:\RepMaven\org\sonatype\sisu\sisu-inject-bean\1.4.2\sisu-inject-bean-1.4.2.jar;D:\RepMaven\org\sonatype\sisu\sisu-guice\2.1.7\sisu-guice-2.1.7-noaop.jar;D:\RepMaven\org\codehaus\plexus\plexus-classworlds\2.2.3\plexus-classworlds-2.2.3.jar;D:\RepMaven\org\codehaus\plexus\plexus-component-annotations\1.5.5\plexus-component-annotations-1.5.5.jar;D:\RepMaven\org\sonatype\plexus\plexus-sec-dispatcher\1.3\plexus-sec-dispatcher-1.3.jar;D:\RepMaven\org\sonatype\plexus\plexus-cipher\1.4\plexus-cipher-1.4.jar;D:\RepMaven\org\apache\maven\maven-model\3.0\maven-model-3.0.jar;D:\RepMaven\org\apache\maven\maven-plugin-api\3.0\maven-plugin-api-3.0.jar;D:\RepMaven\org\apache\maven\maven-repository-metadata\3.0\maven-repository-metadata-3.0.jar;D:\RepMaven\org\apache\maven\maven-settings\3.0\maven-settings-3.0.jar;D:\RepMaven\org\apache\maven\shared\maven-dependency-tree\2.2\maven-dependency-tree-2.2.jar;D:\RepMaven\org\eclipse\aether\aether-util\0.9.0.M2\aether-util-0.9.0.M2.jar;D:\RepMaven\org\apache\maven\shared\maven-shared-jar\1.2\maven-shared-jar-1.2.jar;D:\RepMaven\org\codehaus\plexus\plexus-digest\1.0\plexus-digest-1.0.jar;D:\RepMaven\org\codehaus\plexus\plexus-container-default\1.0-alpha-8\plexus-container-default-1.0-alpha-8.jar;D:\RepMaven\classworlds\classworlds\1.1-alpha-2\classworlds-1.1-alpha-2.jar;D:\RepMaven\commons-collections\commons-collections\3.1\commons-collections-3.1.jar;D:\RepMaven\org\apache\bcel\bcel\6.2\bcel-6.2.jar;D:\RepMaven\org\apache\maven\shared\maven-common-artifact-filters\3.0.1\maven-common-artifact-filters-3.0.1.jar;D:\RepMaven\org\apache\maven\shared\maven-artifact-transfer\0.9.1\maven-artifact-transfer-0.9.1.jar;D:\RepMaven\commons-codec\commons-codec\1.6\commons-codec-1.6.jar;D:\RepMaven\org\slf4j\slf4j-api\1.7.5\slf4j-api-1.7.5.jar;D:\RepMaven\org\apache\maven\scm\maven-scm-api\1.10.0\maven-scm-api-1.10.0.jar;D:\RepMaven\org\apache\maven\scm\maven-scm-manager-plexus\1.10.0\maven-scm-manager-plexus-1.10.0.jar;D:\RepMaven\org\apache\maven\scm\maven-scm-provider-hg\1.10.0\maven-scm-provider-hg-1.10.0.jar;D:\RepMaven\org\apache\maven\scm\maven-scm-provider-perforce\1.10.0\maven-scm-provider-perforce-1.10.0.jar;D:\RepMaven\org\apache\maven\scm\maven-scm-provider-starteam\1.10.0\maven-scm-provider-starteam-1.10.0.jar;D:\RepMaven\org\apache\maven\scm\maven-scm-provider-svn-commons\1.10.0\maven-scm-provider-svn-commons-1.10.0.jar;D:\RepMaven\org\apache\maven\scm\maven-scm-provider-svnexe\1.10.0\maven-scm-provider-svnexe-1.10.0.jar;D:\RepMaven\commons-lang\commons-lang\2.6\commons-lang-2.6.jar;D:\RepMaven\org\apache\maven\scm\maven-scm-provider-cvs-commons\1.10.0\maven-scm-provider-cvs-commons-1.10.0.jar;D:\RepMaven\org\apache\maven\scm\maven-scm-provider-cvsexe\1.10.0\maven-scm-provider-cvsexe-1.10.0.jar;D:\RepMaven\org\apache\maven\scm\maven-scm-provider-cvsjava\1.10.0\maven-scm-provider-cvsjava-1.10.0.jar;D:\RepMaven\org\netbeans\lib\cvsclient\20060125\cvsclient-20060125.jar;D:\RepMaven\ch\ethz\ganymed\ganymed-ssh2\build210\ganymed-ssh2-build210.jar;D:\RepMaven\org\apache\maven\scm\maven-scm-provider-git-commons\1.10.0\maven-scm-provider-git-commons-1.10.0.jar;D:\RepMaven\org\apache\maven\scm\maven-scm-provider-gitexe\1.10.0\maven-scm-provider-gitexe-1.10.0.jar;D:\RepMaven\commons-io\commons-io\2.2\commons-io-2.2.jar;D:\RepMaven\org\apache\maven\doxia\doxia-sink-api\1.8\doxia-sink-api-1.8.jar;D:\RepMaven\org\apache\maven\doxia\doxia-logging-api\1.8\doxia-logging-api-1.8.jar;D:\RepMaven\org\apache\maven\doxia\doxia-core\1.8\doxia-core-1.8.jar;D:\RepMaven\org\apache\commons\commons-lang3\3.5\commons-lang3-3.5.jar;D:\RepMaven\org\apache\httpcomponents\httpclient\4.0.2\httpclient-4.0.2.jar;D:\RepMaven\org\apache\httpcomponents\httpcore\4.0.1\httpcore-4.0.1.jar;D:\RepMaven\org\apache\maven\doxia\doxia-decoration-model\1.8.1\doxia-decoration-model-1.8.1.jar;D:\RepMaven\org\apache\maven\doxia\doxia-site-renderer\1.8.1\doxia-site-renderer-1.8.1.jar;D:\RepMaven\org\apache\maven\doxia\doxia-skin-model\1.8.1\doxia-skin-model-1.8.1.jar;D:\RepMaven\org\apache\maven\doxia\doxia-module-xhtml\1.8\doxia-module-xhtml-1.8.jar;D:\RepMaven\org\codehaus\plexus\plexus-velocity\1.2\plexus-velocity-1.2.jar;D:\RepMaven\org\apache\velocity\velocity\1.7\velocity-1.7.jar;D:\RepMaven\org\apache\velocity\velocity-tools\2.0\velocity-tools-2.0.jar;D:\RepMaven\commons-chain\commons-chain\1.1\commons-chain-1.1.jar;D:\RepMaven\dom4j\dom4j\1.1\dom4j-1.1.jar;D:\RepMaven\oro\oro\2.0.8\oro-2.0.8.jar;D:\RepMaven\sslext\sslext\1.2-0\sslext-1.2-0.jar;D:\RepMaven\org\apache\struts\struts-core\1.3.8\struts-core-1.3.8.jar;D:\RepMaven\antlr\antlr\2.7.2\antlr-2.7.2.jar;D:\RepMaven\org\apache\struts\struts-taglib\1.3.8\struts-taglib-1.3.8.jar;D:\RepMaven\org\apache\struts\struts-tiles\1.3.8\struts-tiles-1.3.8.jar;D:\RepMaven\org\apache\maven\doxia\doxia-integration-tools\1.8.1\doxia-integration-tools-1.8.1.jar;D:\RepMaven\org\codehaus\plexus\plexus-i18n\1.0-beta-10\plexus-i18n-1.0-beta-10.jar;D:\RepMaven\org\codehaus\plexus\plexus-utils\3.1.0\plexus-utils-3.1.0.jar;D:\RepMaven\org\codehaus\plexus\plexus-interpolation\1.25\plexus-interpolation-1.25.jar;D:\RepMaven\org\apache\maven\wagon\wagon-http-lightweight\3.1.0\wagon-http-lightweight-3.1.0.jar;D:\RepMaven\org\apache\maven\wagon\wagon-http-shared\3.1.0\wagon-http-shared-3.1.0.jar;D:\RepMaven\org\jsoup\jsoup\1.11.2\jsoup-1.11.2.jar;D:\RepMaven\org\apache\maven\wagon\wagon-provider-api\3.1.0\wagon-provider-api-3.1.0.jar;D:\RepMaven\commons-validator\commons-validator\1.6\commons-validator-1.6.jar;D:\RepMaven\commons-beanutils\commons-beanutils\1.9.2\commons-beanutils-1.9.2.jar;D:\RepMaven\commons-digester\commons-digester\1.8.1\commons-digester-1.8.1.jar;D:\RepMaven\commons-logging\commons-logging\1.2\commons-logging-1.2.jar;"/>
    <property name="sun.cpu.endian" value="little"/>
    <property name="user.home" value="C:\Users\HJT"/>
    <property name="user.language" value="zh"/>
    <property name="java.specification.vendor" value="Oracle Corporation"/>
    <property name="java.home" value="E:\JDK\jdk8\jre"/>
    <property name="basedir" value="D:\devCode\dataStructure\linkedlist"/>
    <property name="file.separator" value="\"/>
    <property name="line.separator" value="&#10;"/>
    <property name="java.vm.specification.vendor" value="Oracle Corporation"/>
    <property name="java.specification.name" value="Java Platform API Specification"/>
    <property name="java.awt.graphicsenv" value="sun.awt.Win32GraphicsEnvironment"/>
    <property name="surefire.real.class.path" value="C:\Users\HJT\AppData\Local\Temp\surefire1177612822828478815\surefirebooter6095403458667213210.jar"/>
    <property name="sun.boot.class.path" value="E:\JDK\jdk8\jre\lib\resources.jar;E:\JDK\jdk8\jre\lib\rt.jar;E:\JDK\jdk8\jre\lib\sunrsasign.jar;E:\JDK\jdk8\jre\lib\jsse.jar;E:\JDK\jdk8\jre\lib\jce.jar;E:\JDK\jdk8\jre\lib\charsets.jar;E:\JDK\jdk8\jre\lib\jfr.jar;E:\JDK\jdk8\jre\classes"/>
    <property name="user.script" value=""/>
    <property name="sun.management.compiler" value="HotSpot 64-Bit Tiered Compilers"/>
    <property name="java.runtime.version" value="1.8.0_281-b09"/>
    <property name="user.name" value="HJT"/>
    <property name="path.separator" value=";"/>
    <property name="os.version" value="10.0"/>
    <property name="java.endorsed.dirs" value="E:\JDK\jdk8\jre\lib\endorsed"/>
    <property name="java.runtime.name" value="Java(TM) SE Runtime Environment"/>
    <property name="file.encoding" value="GBK"/>
    <property name="java.vm.name" value="Java HotSpot(TM) 64-Bit Server VM"/>
    <property name="localRepository" value="D:\RepMaven"/>
    <property name="java.vendor.url.bug" value="http://bugreport.sun.com/bugreport/"/>
    <property name="java.io.tmpdir" value="C:\Users\HJT\AppData\Local\Temp\"/>
    <property name="idea.version" value="2018.3.6"/>
    <property name="java.version" value="1.8.0_281"/>
    <property name="user.dir" value="D:\devCode\dataStructure\linkedlist"/>
    <property name="os.arch" value="amd64"/>
    <property name="java.vm.specification.name" value="Java Virtual Machine Specification"/>
    <property name="java.awt.printerjob" value="sun.awt.windows.WPrinterJob"/>
    <property name="sun.os.patch.level" value=""/>
    <property name="java.library.path" value="E:\JDK\jdk8\jre\bin;C:\WINDOWS\Sun\Java\bin;C:\WINDOWS\system32;C:\WINDOWS;C:\Program Files (x86)\Common Files\Oracle\Java\javapath;C:\Program Files\Common Files\Oracle\Java\javapath;D:\Xshell6\;C:\ProgramData\Oracle\Java\javapath;C:\WINDOWS\system32;C:\WINDOWS;C:\WINDOWS\System32\Wbem;C:\WINDOWS\System32\WindowsPowerShell\v1.0\;C:\WINDOWS\System32\OpenSSH\;C:\Program Files (x86)\NVIDIA Corporation\PhysX\Common;C:\Program Files\MySQL\MySQL Server 8.0\bin;E:\Redis\;E:\Anaconda\Scripts;C:\Program Files\MySQL\MySQL Server 5.7\bin;D:\svndireaction\Subversion\bin;C:\WINDOWS\system32;C:\WINDOWS;C:\WINDOWS\System32\Wbem;C:\WINDOWS\System32\WindowsPowerShell\v1.0\;C:\WINDOWS\System32\OpenSSH\;D:\nodejs\;C:\Program Files (x86)\dotnet\;E:\JDK\jdk8\bin;C:\Users\HJT\AppData\Local\Microsoft\WindowsApps;C:\Program Files\MySQL\MySQL Server 8.0\bin;C:\Users\HJT\Downloads\phantomjs-2.1.1-windows\bin;C:\Program Files\MySQL\MySQL Server 5.7\bin;D:\tomcat8\apache-tomcat-8.5.41\bin;C:\Users\HJT\AppData\Local\Microsoft\WindowsApps;E:\Diffuse;C:\Users\HJT\AppData\Roaming\npm;D:\apache-maven-3.6.0\bin;D:\dev\gradle-5.3.1-bin\gradle-5.3.1\bin;D:\Git\Git\bin;;."/>
    <property name="java.vm.info" value="mixed mode"/>
    <property name="java.vendor" value="Oracle Corporation"/>
    <property name="java.vm.version" value="25.281-b09"/>
    <property name="java.ext.dirs" value="E:\JDK\jdk8\jre\lib\ext;C:\WINDOWS\Sun\Java\lib\ext"/>
    <property name="sun.io.unicode.encoding" value="UnicodeLittle"/>
    <property name="maven.repo.local" value="D:\RepMaven"/>
    <property name="java.class.version" value="52.0"/>
  </properties>
  <testcase name="shouldAnswerWithTrue" classname="com.supremind.AppTest" time="0.001"/>
</testsuite>